<?xml version="1.0" encoding="UTF-8"?>
<!-- Generated by org.testng.reporters.JUnitReportReporter -->
<testsuite hostname="Priya" failures="0" tests="4" name="SeleniumIntro.SeleniumIntro.FBDataDriven" time="41.779" errors="0" timestamp="2024-07-08T20:58:34 IST" skipped="0">
  <testcase classname="SeleniumIntro.SeleniumIntro.FBDataDriven" name="createAccount" time="9.609"/>
  <system-out/>
  <testcase classname="SeleniumIntro.SeleniumIntro.FBDataDriven" name="createAccount" time="9.477"/>
  <system-out/>
  <testcase classname="SeleniumIntro.SeleniumIntro.FBDataDriven" name="createAccount" time="10.025"/>
  <system-out/>
  <testcase classname="SeleniumIntro.SeleniumIntro.FBDataDriven" name="createAccount" time="12.668"/>
  <system-out/>
</testsuite> <!-- SeleniumIntro.SeleniumIntro.FBDataDriven -->
